<?xml version="1.0" encoding="UTF-8"?>
<testng-results ignored="0" total="1" passed="1" failed="0" skipped="0">
  <reporter-output>
  </reporter-output>
  <suite started-at="2026-07-01T06:39:57 EEST" name="Default suite" finished-at="2026-07-01T06:40:11 EEST" duration-ms="14097">
    <groups>
    </groups>
    <test started-at="2026-07-01T06:39:57 EEST" name="Default test" finished-at="2026-07-01T06:40:11 EEST" duration-ms="14097">
      <class name="tests.Register_happyScenario">
        <test-method is-config="true" signature="openWebsite()[pri:0, instance:tests.Register_happyScenario@32eff876]" started-at="2026-07-01T06:39:57 EEST" name="openWebsite" finished-at="2026-07-01T06:40:04 EEST" duration-ms="7089" status="PASS">
          <reporter-output>
          </reporter-output>
        </test-method> <!-- openWebsite -->
        <test-method signature="registerWithNewEmail(dataModels.registerData)[pri:0, instance:tests.Register_happyScenario@32eff876]" started-at="2026-07-01T06:40:04 EEST" name="registerWithNewEmail" data-provider="positiveProvider" finished-at="2026-07-01T06:40:11 EEST" duration-ms="6258" status="PASS">
          <params>
            <param index="0">
              <value>
                <![CDATA[dataModels.registerData@46ab18da]]>
              </value>
            </param>
          </params>
          <reporter-output>
          </reporter-output>
        </test-method> <!-- registerWithNewEmail -->
        <test-method is-config="true" signature="closeWebsite()[pri:0, instance:tests.Register_happyScenario@32eff876]" started-at="2026-07-01T06:40:11 EEST" name="closeWebsite" finished-at="2026-07-01T06:40:11 EEST" duration-ms="341" status="PASS">
          <reporter-output>
          </reporter-output>
        </test-method> <!-- closeWebsite -->
      </class> <!-- tests.Register_happyScenario -->
    </test> <!-- Default test -->
  </suite> <!-- Default suite -->
</testng-results>
