<?xml version="1.0" encoding="UTF-8"?>
<testng-results ignored="0" total="1" passed="1" failed="0" skipped="0">
  <reporter-output>
  </reporter-output>
  <suite started-at="2026-07-01T08:29:44 EEST" name="Default suite" finished-at="2026-07-01T08:29:59 EEST" duration-ms="14791">
    <groups>
    </groups>
    <test started-at="2026-07-01T08:29:44 EEST" name="Default test" finished-at="2026-07-01T08:29:59 EEST" duration-ms="14791">
      <class name="tests.Register_NegativeScenario">
        <test-method is-config="true" signature="openWebsite()[pri:0, instance:tests.Register_NegativeScenario@32eff876]" started-at="2026-07-01T08:29:44 EEST" name="openWebsite" finished-at="2026-07-01T08:29:52 EEST" duration-ms="8274" status="PASS">
          <reporter-output>
          </reporter-output>
        </test-method> <!-- openWebsite -->
        <test-method signature="registerWithExistEmail(dataModels.registerData)[pri:0, instance:tests.Register_NegativeScenario@32eff876]" started-at="2026-07-01T08:29:53 EEST" name="registerWithExistEmail" data-provider="negativeProvider" finished-at="2026-07-01T08:29:58 EEST" duration-ms="5453" status="PASS">
          <params>
            <param index="0">
              <value>
                <![CDATA[dataModels.registerData@46ab18da]]>
              </value>
            </param>
          </params>
          <reporter-output>
          </reporter-output>
        </test-method> <!-- registerWithExistEmail -->
        <test-method is-config="true" signature="closeWebsite()[pri:0, instance:tests.Register_NegativeScenario@32eff876]" started-at="2026-07-01T08:29:58 EEST" name="closeWebsite" finished-at="2026-07-01T08:29:59 EEST" duration-ms="427" status="PASS">
          <reporter-output>
          </reporter-output>
        </test-method> <!-- closeWebsite -->
      </class> <!-- tests.Register_NegativeScenario -->
    </test> <!-- Default test -->
  </suite> <!-- Default suite -->
</testng-results>
