<?xml version="1.0" encoding="UTF-8"?>
<!-- Generated by org.testng.reporters.JUnitReportReporter -->
<testsuite hostname="LAPTOP-HO5BPVK5" failures="0" tests="2" name="tests.Login_NegativeScenario" time="5.483" errors="0" timestamp="2026-07-01T03:13:06 EEST" skipped="0">
  <testcase classname="tests.Login_NegativeScenario" name="testInvalidLogin" time="2.186"/>
  <testcase classname="tests.Login_NegativeScenario" name="testInvalidLogin" time="3.297"/>
</testsuite> <!-- tests.Login_NegativeScenario -->
