<?xml version="1.0" encoding="UTF-8"?>
<!-- Generated by org.testng.reporters.JUnitXMLReporter -->
<testsuite ignored="0" hostname="LAPTOP-HO5BPVK5" failures="0" tests="2" name="Negative_Scenario" time="55.424" errors="0" timestamp="2026-06-17T08:11:21 EEST">
  <testcase classname="tests.Login_NegativeScenario" name="testLogin_CorrectUsernameAndNotMatchingPassword" time="3.184"/>
  <testcase classname="tests.Login_NegativeScenario" name="testLogin_InCorrectUsername" time="44.525"/>
</testsuite> <!-- Negative_Scenario -->
